  Main.cpp
  The contents of <bit> are available only with C++20 or later.
C:\Users\tory\Desktop\Git\flockingbird\src\utility\vector_operations.hpp(17,36): warning C4244: 'return': conversion from 'double' to 'float', possible loss of data
C:\Users\tory\Desktop\Git\flockingbird\src\utility\vector_operations.hpp(20,22): warning C4244: 'initializing': conversion from 'double' to 'float', possible loss of data
C:\Users\tory\Desktop\Git\flockingbird\src\utility\vector_operations.hpp(65,36): warning C4244: 'return': conversion from 'double' to 'float', possible loss of data
C:\Users\tory\Desktop\Git\flockingbird\src\utility\vector_operations.hpp(68,22): warning C4244: 'initializing': conversion from 'double' to 'float', possible loss of data
C:\Users\tory\Desktop\Git\flockingbird\src\flock_simulation\rules.hpp(33,29): warning C4244: 'argument': conversion from 'int' to 'float', possible loss of data
C:\Users\tory\Desktop\Git\flockingbird\src\flock_simulation\rules.hpp(141,30): warning C4244: 'initializing': conversion from 'double' to 'float', possible loss of data
C:\Users\tory\Desktop\Git\flockingbird\src\flock_simulation\rules.hpp(142,30): warning C4244: 'initializing': conversion from 'double' to 'float', possible loss of data
C:\Users\tory\Desktop\Git\flockingbird\src\flock_simulation\rules.hpp(171,36): warning C4244: 'argument': conversion from 'int' to 'float', possible loss of data
C:\Users\tory\Desktop\Git\flockingbird\src\flock_simulation\rules.hpp(193,38): warning C4244: 'argument': conversion from 'int' to 'float', possible loss of data
C:\Users\tory\Desktop\Git\flockingbird\src\flock_simulation\simulation.hpp(49,19): warning C4244: 'initializing': conversion from '__int64' to 'int', possible loss of data
C:\Users\tory\Desktop\Git\flockingbird\src\flock_simulation\simulation.hpp(55,49): warning C4244: 'argument': conversion from 'double' to 'float', possible loss of data
C:\Users\tory\source\repos\BoidVulkan\BoidVulkan\Main.cpp(16,12): warning C4244: 'argument': conversion from 'time_t' to 'unsigned int', possible loss of data
  app.cpp
  The contents of <bit> are available only with C++20 or later.
C:\Users\tory\Desktop\Git\flockingbird\src\utility\vector_operations.hpp(17,36): warning C4244: 'return': conversion from 'double' to 'float', possible loss of data
C:\Users\tory\Desktop\Git\flockingbird\src\utility\vector_operations.hpp(20,22): warning C4244: 'initializing': conversion from 'double' to 'float', possible loss of data
C:\Users\tory\Desktop\Git\flockingbird\src\utility\vector_operations.hpp(65,36): warning C4244: 'return': conversion from 'double' to 'float', possible loss of data
C:\Users\tory\Desktop\Git\flockingbird\src\utility\vector_operations.hpp(68,22): warning C4244: 'initializing': conversion from 'double' to 'float', possible loss of data
C:\Users\tory\Desktop\Git\flockingbird\src\flock_simulation\rules.hpp(33,29): warning C4244: 'argument': conversion from 'int' to 'float', possible loss of data
C:\Users\tory\Desktop\Git\flockingbird\src\flock_simulation\rules.hpp(141,30): warning C4244: 'initializing': conversion from 'double' to 'float', possible loss of data
C:\Users\tory\Desktop\Git\flockingbird\src\flock_simulation\rules.hpp(142,30): warning C4244: 'initializing': conversion from 'double' to 'float', possible loss of data
C:\Users\tory\Desktop\Git\flockingbird\src\flock_simulation\rules.hpp(171,36): warning C4244: 'argument': conversion from 'int' to 'float', possible loss of data
C:\Users\tory\Desktop\Git\flockingbird\src\flock_simulation\rules.hpp(193,38): warning C4244: 'argument': conversion from 'int' to 'float', possible loss of data
C:\Users\tory\Desktop\Git\flockingbird\src\flock_simulation\simulation.hpp(49,19): warning C4244: 'initializing': conversion from '__int64' to 'int', possible loss of data
C:\Users\tory\Desktop\Git\flockingbird\src\flock_simulation\simulation.hpp(55,49): warning C4244: 'argument': conversion from 'double' to 'float', possible loss of data
C:\Users\tory\source\repos\BoidVulkan\BoidVulkan\app.cpp(75,62): warning C4305: 'argument': truncation from 'double' to 'float'
  Generating code
  Previous IPDB and IOBJ mismatch, fall back to full compilation.
  All 4024 functions were compiled because no usable IPDB/IOBJ from previous compilation was found.
  Finished generating code
  BoidVulkan.vcxproj -> C:\Users\tory\source\repos\BoidVulkan\x64\Release\BoidVulkan.exe
